<?xml version="1.0" encoding="UTF-8"?>
<!-- Generated by org.testng.reporters.JUnitReportReporter -->
<testsuite hostname="LAPTOP-3ICCF01F" failures="0" tests="1" name="com.khcproject.qa.testcases.LoginTest" time="10.845" errors="0" timestamp="2023-08-15T16:46:01 IST" skipped="0">
  <testcase classname="com.khcproject.qa.testcases.LoginTest" name="verifyLoginWithInvalidCredentials" time="10.845"/>
  <system-out/>
</testsuite> <!-- com.khcproject.qa.testcases.LoginTest -->
