<?xml version="1.0" encoding="UTF-8"?>
<!-- Generated by org.testng.reporters.JUnitReportReporter -->
<testsuite hostname="LAPTOP-3ICCF01F" failures="0" tests="2" name="com.khcproject.qa.testcases.Login" time="23.091" errors="0" timestamp="2023-08-13T13:41:26 IST" skipped="0">
  <testcase classname="com.khcproject.qa.testcases.Login" name="verifyLoginWithValidCredentials" time="12.051"/>
  <system-out/>
  <testcase classname="com.khcproject.qa.testcases.Login" name="verifyLoginWithInvalidCredentials" time="11.040"/>
  <system-out/>
</testsuite> <!-- com.khcproject.qa.testcases.Login -->
